

Microchip MPLAB XC8 Assembler V2.31 build 20201012212115 
                                                                                               Wed Aug 25 00:01:59 2021

Microchip MPLAB XC8 C Compiler v2.31 (Free license) build 20201012212115 Og1 
     1                           	processor	16F887
     2                           	pagewidth 120
     3                           	opt	flic
     4                           	psect	cinit,global,class=CODE,merge=1,delta=2
     5                           	psect	bssCOMMON,global,class=COMMON,space=1,delta=1,noexec
     6                           	psect	cstackCOMMON,global,class=COMMON,space=1,delta=1,noexec
     7                           	psect	cstackBANK0,global,class=BANK0,space=1,delta=1,noexec
     8                           	psect	maintext,global,class=CODE,split=1,delta=2
     9                           	psect	text1,local,class=CODE,merge=1,delta=2
    10                           	psect	text2,local,class=CODE,merge=1,delta=2
    11                           	psect	text3,local,class=CODE,merge=1,delta=2
    12                           	psect	text4,local,class=CODE,merge=1,delta=2
    13                           	psect	text5,local,class=CODE,merge=1,delta=2
    14                           	psect	intentry,global,class=CODE,delta=2
    15                           	psect	text6,local,class=CODE,merge=1,delta=2
    16                           	psect	config,global,abs,ovrld,class=CONFIG,space=4,delta=2,noexec
    17                           	dabs	1,0x7E,2
    18  0000                     
    19                           ; Version 2.20
    20                           ; Generated 12/02/2020 GMT
    21                           ; 
    22                           ; Copyright © 2020, Microchip Technology Inc. and its subsidiaries ("Microchip")
    23                           ; All rights reserved.
    24                           ; 
    25                           ; This software is developed by Microchip Technology Inc. and its subsidiaries ("Microch
      +                          ip").
    26                           ; 
    27                           ; Redistribution and use in source and binary forms, with or without modification, are
    28                           ; permitted provided that the following conditions are met:
    29                           ; 
    30                           ;     1. Redistributions of source code must retain the above copyright notice, this lis
      +                          t of
    31                           ;        conditions and the following disclaimer.
    32                           ; 
    33                           ;     2. Redistributions in binary form must reproduce the above copyright notice, this 
      +                          list
    34                           ;        of conditions and the following disclaimer in the documentation and/or other
    35                           ;        materials provided with the distribution.
    36                           ; 
    37                           ;     3. Microchip's name may not be used to endorse or promote products derived from th
      +                          is
    38                           ;        software without specific prior written permission.
    39                           ; 
    40                           ; THIS SOFTWARE IS PROVIDED BY MICROCHIP "AS IS" AND ANY EXPRESS OR IMPLIED WARRANTIES,
    41                           ; INCLUDING, BUT NOT LIMITED TO, THE IMPLIED WARRANTIES OF MERCHANTABILITY AND FITNESS F
      +                          OR
    42                           ; PURPOSE ARE DISCLAIMED.  IN NO EVENT SHALL MICROCHIP BE LIABLE FOR ANY DIRECT, INDIREC
      +                          T,
    43                           ; INCIDENTAL, SPECIAL, EXEMPLARY, OR CONSEQUENTIAL DAMAGES (INCLUDING BUT NOT LIMITED TO
    44                           ; PROCUREMENT OF SUBSTITUTE GOODS OR SERVICES; LOSS OF USE, DATA OR PROFITS; OR BUSINESS
    45                           ; INTERRUPTION) HOWSOEVER CAUSED AND ON ANY THEORY OF LIABILITY, WHETHER IN CONTRACT, ST
      +                          RICT
    46                           ; LIABILITY, OR TORT (INCLUDING NEGLIGENCE OR OTHERWISE) ARISING IN ANY WAY OUT OF THE U
      +                          SE OF
    47                           ; THIS SOFTWARE, EVEN IF ADVISED OF THE POSSIBILITY OF SUCH DAMAGE.
    48                           ; 
    49                           ; 
    50                           ; Code-generator required, PIC16F887 Definitions
    51                           ; 
    52                           ; SFR Addresses
    53  0000                     	;# 
    54  0001                     	;# 
    55  0002                     	;# 
    56  0003                     	;# 
    57  0004                     	;# 
    58  0005                     	;# 
    59  0006                     	;# 
    60  0007                     	;# 
    61  0008                     	;# 
    62  0009                     	;# 
    63  000A                     	;# 
    64  000B                     	;# 
    65  000C                     	;# 
    66  000D                     	;# 
    67  000E                     	;# 
    68  000E                     	;# 
    69  000F                     	;# 
    70  0010                     	;# 
    71  0011                     	;# 
    72  0012                     	;# 
    73  0013                     	;# 
    74  0014                     	;# 
    75  0015                     	;# 
    76  0015                     	;# 
    77  0016                     	;# 
    78  0017                     	;# 
    79  0018                     	;# 
    80  0019                     	;# 
    81  001A                     	;# 
    82  001B                     	;# 
    83  001B                     	;# 
    84  001C                     	;# 
    85  001D                     	;# 
    86  001E                     	;# 
    87  001F                     	;# 
    88  0081                     	;# 
    89  0085                     	;# 
    90  0086                     	;# 
    91  0087                     	;# 
    92  0088                     	;# 
    93  0089                     	;# 
    94  008C                     	;# 
    95  008D                     	;# 
    96  008E                     	;# 
    97  008F                     	;# 
    98  0090                     	;# 
    99  0091                     	;# 
   100  0092                     	;# 
   101  0093                     	;# 
   102  0093                     	;# 
   103  0093                     	;# 
   104  0094                     	;# 
   105  0095                     	;# 
   106  0096                     	;# 
   107  0097                     	;# 
   108  0098                     	;# 
   109  0099                     	;# 
   110  009A                     	;# 
   111  009B                     	;# 
   112  009C                     	;# 
   113  009D                     	;# 
   114  009E                     	;# 
   115  009F                     	;# 
   116  0105                     	;# 
   117  0107                     	;# 
   118  0108                     	;# 
   119  0109                     	;# 
   120  010C                     	;# 
   121  010C                     	;# 
   122  010D                     	;# 
   123  010E                     	;# 
   124  010F                     	;# 
   125  0185                     	;# 
   126  0187                     	;# 
   127  0188                     	;# 
   128  0189                     	;# 
   129  018C                     	;# 
   130  018D                     	;# 
   131  0000                     	;# 
   132  0001                     	;# 
   133  0002                     	;# 
   134  0003                     	;# 
   135  0004                     	;# 
   136  0005                     	;# 
   137  0006                     	;# 
   138  0007                     	;# 
   139  0008                     	;# 
   140  0009                     	;# 
   141  000A                     	;# 
   142  000B                     	;# 
   143  000C                     	;# 
   144  000D                     	;# 
   145  000E                     	;# 
   146  000E                     	;# 
   147  000F                     	;# 
   148  0010                     	;# 
   149  0011                     	;# 
   150  0012                     	;# 
   151  0013                     	;# 
   152  0014                     	;# 
   153  0015                     	;# 
   154  0015                     	;# 
   155  0016                     	;# 
   156  0017                     	;# 
   157  0018                     	;# 
   158  0019                     	;# 
   159  001A                     	;# 
   160  001B                     	;# 
   161  001B                     	;# 
   162  001C                     	;# 
   163  001D                     	;# 
   164  001E                     	;# 
   165  001F                     	;# 
   166  0081                     	;# 
   167  0085                     	;# 
   168  0086                     	;# 
   169  0087                     	;# 
   170  0088                     	;# 
   171  0089                     	;# 
   172  008C                     	;# 
   173  008D                     	;# 
   174  008E                     	;# 
   175  008F                     	;# 
   176  0090                     	;# 
   177  0091                     	;# 
   178  0092                     	;# 
   179  0093                     	;# 
   180  0093                     	;# 
   181  0093                     	;# 
   182  0094                     	;# 
   183  0095                     	;# 
   184  0096                     	;# 
   185  0097                     	;# 
   186  0098                     	;# 
   187  0099                     	;# 
   188  009A                     	;# 
   189  009B                     	;# 
   190  009C                     	;# 
   191  009D                     	;# 
   192  009E                     	;# 
   193  009F                     	;# 
   194  0105                     	;# 
   195  0107                     	;# 
   196  0108                     	;# 
   197  0109                     	;# 
   198  010C                     	;# 
   199  010C                     	;# 
   200  010D                     	;# 
   201  010E                     	;# 
   202  010F                     	;# 
   203  0185                     	;# 
   204  0187                     	;# 
   205  0188                     	;# 
   206  0189                     	;# 
   207  018C                     	;# 
   208  018D                     	;# 
   209  0000                     	;# 
   210  0001                     	;# 
   211  0002                     	;# 
   212  0003                     	;# 
   213  0004                     	;# 
   214  0005                     	;# 
   215  0006                     	;# 
   216  0007                     	;# 
   217  0008                     	;# 
   218  0009                     	;# 
   219  000A                     	;# 
   220  000B                     	;# 
   221  000C                     	;# 
   222  000D                     	;# 
   223  000E                     	;# 
   224  000E                     	;# 
   225  000F                     	;# 
   226  0010                     	;# 
   227  0011                     	;# 
   228  0012                     	;# 
   229  0013                     	;# 
   230  0014                     	;# 
   231  0015                     	;# 
   232  0015                     	;# 
   233  0016                     	;# 
   234  0017                     	;# 
   235  0018                     	;# 
   236  0019                     	;# 
   237  001A                     	;# 
   238  001B                     	;# 
   239  001B                     	;# 
   240  001C                     	;# 
   241  001D                     	;# 
   242  001E                     	;# 
   243  001F                     	;# 
   244  0081                     	;# 
   245  0085                     	;# 
   246  0086                     	;# 
   247  0087                     	;# 
   248  0088                     	;# 
   249  0089                     	;# 
   250  008C                     	;# 
   251  008D                     	;# 
   252  008E                     	;# 
   253  008F                     	;# 
   254  0090                     	;# 
   255  0091                     	;# 
   256  0092                     	;# 
   257  0093                     	;# 
   258  0093                     	;# 
   259  0093                     	;# 
   260  0094                     	;# 
   261  0095                     	;# 
   262  0096                     	;# 
   263  0097                     	;# 
   264  0098                     	;# 
   265  0099                     	;# 
   266  009A                     	;# 
   267  009B                     	;# 
   268  009C                     	;# 
   269  009D                     	;# 
   270  009E                     	;# 
   271  009F                     	;# 
   272  0105                     	;# 
   273  0107                     	;# 
   274  0108                     	;# 
   275  0109                     	;# 
   276  010C                     	;# 
   277  010C                     	;# 
   278  010D                     	;# 
   279  010E                     	;# 
   280  010F                     	;# 
   281  0185                     	;# 
   282  0187                     	;# 
   283  0188                     	;# 
   284  0189                     	;# 
   285  018C                     	;# 
   286  018D                     	;# 
   287  000B                     _INTCONbits	set	11
   288  0009                     _PORTE	set	9
   289  0008                     _PORTD	set	8
   290  0007                     _PORTC	set	7
   291  0005                     _PORTA	set	5
   292  0006                     _PORTB	set	6
   293  0005                     _PORTAbits	set	5
   294  0014                     _SSPCONbits	set	20
   295  001E                     _ADRESH	set	30
   296  000C                     _PIR1bits	set	12
   297  001F                     _ADCON0bits	set	31
   298  0013                     _SSPBUF	set	19
   299  0014                     _SSPCON	set	20
   300  0066                     _ADIF	set	102
   301  0063                     _SSPIF	set	99
   302  005E                     _PEIE	set	94
   303  005F                     _GIE	set	95
   304  008F                     _OSCCONbits	set	143
   305  0086                     _TRISB	set	134
   306  0089                     _TRISE	set	137
   307  0088                     _TRISD	set	136
   308  0085                     _TRISA	set	133
   309  0094                     _SSPSTATbits	set	148
   310  008C                     _PIE1bits	set	140
   311  009F                     _ADCON1bits	set	159
   312  0091                     _SSPCON2bits	set	145
   313  0087                     _TRISCbits	set	135
   314  0094                     _SSPSTAT	set	148
   315  0093                     _SSPADD	set	147
   316  0091                     _SSPCON2	set	145
   317  04A0                     _BF	set	1184
   318  0463                     _SSPIE	set	1123
   319  043C                     _TRISC4	set	1084
   320  043B                     _TRISC3	set	1083
   321  0189                     _ANSELH	set	393
   322  0188                     _ANSEL	set	392
   323                           
   324                           	psect	cinit
   325  000F                     start_initialization:	
   326                           ; #config settings
   327                           
   328  000F                     __initialization:
   329                           
   330                           ; Clear objects allocated to COMMON
   331  000F  01F9               	clrf	__pbssCOMMON& (0+127)
   332  0010  01FA               	clrf	(__pbssCOMMON+1)& (0+127)
   333  0011                     end_of_initialization:	
   334                           ;End of C runtime variable initialization code
   335                           
   336  0011                     __end_of__initialization:
   337  0011  0183               	clrf	3
   338  0012  120A  118A  28D8   	ljmp	_main	;jump to C main() function
   339                           
   340                           	psect	bssCOMMON
   341  0079                     __pbssCOMMON:
   342  0079                     _var:
   343  0079                     	ds	1
   344  007A                     _valor_ADC:
   345  007A                     	ds	1
   346                           
   347                           	psect	cstackCOMMON
   348  0070                     __pcstackCOMMON:
   349  0070                     ?_setup:
   350  0070                     ?_I2C_Slave_Init:	
   351                           ; 1 bytes @ 0x0
   352                           
   353  0070                     ?_isr:	
   354                           ; 1 bytes @ 0x0
   355                           
   356  0070                     ?_main:	
   357                           ; 1 bytes @ 0x0
   358                           
   359  0070                     ?_ADC_READ:	
   360                           ; 1 bytes @ 0x0
   361                           
   362                           
   363                           ; 2 bytes @ 0x0
   364  0070                     	ds	2
   365  0072                     ??_ADC_READ:
   366                           
   367                           ; 1 bytes @ 0x2
   368  0072                     	ds	2
   369  0074                     ADC_READ@LECT:
   370                           
   371                           ; 2 bytes @ 0x4
   372  0074                     	ds	2
   373  0076                     ??_isr:
   374                           
   375                           ; 1 bytes @ 0x6
   376  0076                     	ds	3
   377                           
   378                           	psect	cstackBANK0
   379  0020                     __pcstackBANK0:
   380  0020                     ??_I2C_Slave_Init:
   381  0020                     ?_ADC_INIT:	
   382                           ; 1 bytes @ 0x0
   383                           
   384  0020                     ?_ADC_CHANNELS:	
   385                           ; 1 bytes @ 0x0
   386                           
   387  0020                     I2C_Slave_Init@address:	
   388                           ; 1 bytes @ 0x0
   389                           
   390  0020                     ADC_INIT@canal:	
   391                           ; 1 bytes @ 0x0
   392                           
   393  0020                     ADC_CHANNELS@CANAL:	
   394                           ; 2 bytes @ 0x0
   395                           
   396                           
   397                           ; 2 bytes @ 0x0
   398  0020                     	ds	2
   399  0022                     ??_ADC_INIT:
   400  0022                     ADC_CHANNELS@VALOR_ADC:	
   401                           ; 1 bytes @ 0x2
   402                           
   403                           
   404                           ; 2 bytes @ 0x2
   405  0022                     	ds	1
   406  0023                     ??_setup:
   407                           
   408                           ; 1 bytes @ 0x3
   409  0023                     	ds	1
   410  0024                     ADC_CHANNELS@VALORA:
   411                           
   412                           ; 1 bytes @ 0x4
   413  0024                     	ds	1
   414  0025                     ??_ADC_CHANNELS:
   415                           
   416                           ; 1 bytes @ 0x5
   417  0025                     	ds	3
   418  0028                     ??_main:
   419                           
   420                           ; 1 bytes @ 0x8
   421  0028                     	ds	3
   422                           
   423                           	psect	maintext
   424  00D8                     __pmaintext:	
   425 ;;
   426 ;;Main: autosize = 0, tempsize = 3, incstack = 0, save=0
   427 ;;
   428 ;; *************** function _main *****************
   429 ;; Defined at:
   430 ;;		line 108 in file "slave1_main.c"
   431 ;; Parameters:    Size  Location     Type
   432 ;;		None
   433 ;; Auto vars:     Size  Location     Type
   434 ;;		None
   435 ;; Return value:  Size  Location     Type
   436 ;;                  1    wreg      void 
   437 ;; Registers used:
   438 ;;		wreg, fsr0l, fsr0h, status,2, status,0, pclath, cstack
   439 ;; Tracked objects:
   440 ;;		On entry : B00/0
   441 ;;		On exit  : 0/0
   442 ;;		Unchanged: 0/0
   443 ;; Data sizes:     COMMON   BANK0   BANK1   BANK3   BANK2
   444 ;;      Params:         0       0       0       0       0
   445 ;;      Locals:         0       0       0       0       0
   446 ;;      Temps:          0       3       0       0       0
   447 ;;      Totals:         0       3       0       0       0
   448 ;;Total ram usage:        3 bytes
   449 ;; Hardware stack levels required when called:    4
   450 ;; This function calls:
   451 ;;		_ADC_CHANNELS
   452 ;;		_setup
   453 ;; This function is called by:
   454 ;;		Startup code after reset
   455 ;; This function uses a non-reentrant model
   456 ;;
   457                           
   458                           
   459                           ;psect for function _main
   460  00D8                     _main:
   461  00D8                     l1096:	
   462                           ;incstack = 0
   463                           ; Regs used in _main: [wreg-fsr0h+status,2+status,0+pclath+cstack]
   464                           
   465  00D8  120A  118A  2106  120A  118A  	fcall	_setup
   466  00DD                     l1098:
   467  00DD  1283               	bcf	3,5	;RP0=0, select bank0
   468  00DE  1303               	bcf	3,6	;RP1=0, select bank0
   469  00DF  149F               	bsf	31,1	;volatile
   470  00E0                     l1100:
   471  00E0  087A               	movf	_valor_ADC,w
   472  00E1  1283               	bcf	3,5	;RP0=0, select bank0
   473  00E2  1303               	bcf	3,6	;RP1=0, select bank0
   474  00E3  0086               	movwf	6	;volatile
   475  00E4                     l1102:
   476  00E4  3000               	movlw	0
   477  00E5  00A0               	movwf	ADC_CHANNELS@CANAL
   478  00E6  00A1               	movwf	ADC_CHANNELS@CANAL+1
   479  00E7  087A               	movf	_valor_ADC,w
   480  00E8  00A8               	movwf	??_main
   481  00E9  01A9               	clrf	??_main+1
   482  00EA  0828               	movf	??_main,w
   483  00EB  00A2               	movwf	ADC_CHANNELS@VALOR_ADC
   484  00EC  0829               	movf	??_main+1,w
   485  00ED  00A3               	movwf	ADC_CHANNELS@VALOR_ADC+1
   486  00EE  307A               	movlw	(low (_valor_ADC| 0))& (0+255)
   487  00EF  00AA               	movwf	??_main+2
   488  00F0  082A               	movf	??_main+2,w
   489  00F1  00A4               	movwf	ADC_CHANNELS@VALORA
   490  00F2  120A  118A  208B  120A  118A  	fcall	_ADC_CHANNELS
   491  00F7                     l1104:
   492  00F7  301A               	movlw	26
   493  00F8  1283               	bcf	3,5	;RP0=0, select bank0
   494  00F9  1303               	bcf	3,6	;RP1=0, select bank0
   495  00FA  00A9               	movwf	??_main+1
   496  00FB  30F7               	movlw	247
   497  00FC  00A8               	movwf	??_main
   498  00FD                     u277:
   499  00FD  0BA8               	decfsz	??_main,f
   500  00FE  28FD               	goto	u277
   501  00FF  0BA9               	decfsz	??_main+1,f
   502  0100  28FD               	goto	u277
   503  0101  2902               	nop2
   504  0102  28E0               	goto	l1100
   505  0103  120A  118A  280C   	ljmp	start
   506  0106                     __end_of_main:
   507                           
   508                           	psect	text1
   509  0106                     __ptext1:	
   510 ;; *************** function _setup *****************
   511 ;; Defined at:
   512 ;;		line 119 in file "slave1_main.c"
   513 ;; Parameters:    Size  Location     Type
   514 ;;		None
   515 ;; Auto vars:     Size  Location     Type
   516 ;;		None
   517 ;; Return value:  Size  Location     Type
   518 ;;                  1    wreg      void 
   519 ;; Registers used:
   520 ;;		wreg, status,2, status,0, pclath, cstack
   521 ;; Tracked objects:
   522 ;;		On entry : 0/0
   523 ;;		On exit  : 0/0
   524 ;;		Unchanged: 0/0
   525 ;; Data sizes:     COMMON   BANK0   BANK1   BANK3   BANK2
   526 ;;      Params:         0       0       0       0       0
   527 ;;      Locals:         0       0       0       0       0
   528 ;;      Temps:          0       0       0       0       0
   529 ;;      Totals:         0       0       0       0       0
   530 ;;Total ram usage:        0 bytes
   531 ;; Hardware stack levels used:    1
   532 ;; Hardware stack levels required when called:    3
   533 ;; This function calls:
   534 ;;		_ADC_INIT
   535 ;;		_I2C_Slave_Init
   536 ;; This function is called by:
   537 ;;		_main
   538 ;; This function uses a non-reentrant model
   539 ;;
   540                           
   541                           
   542                           ;psect for function _setup
   543  0106                     _setup:
   544  0106                     l1028:	
   545                           ;incstack = 0
   546                           ; Regs used in _setup: [wreg+status,2+status,0+pclath+cstack]
   547                           
   548  0106  3001               	movlw	1
   549  0107  1683               	bsf	3,5	;RP0=1, select bank3
   550  0108  1703               	bsf	3,6	;RP1=1, select bank3
   551  0109  0088               	movwf	8	;volatile
   552  010A                     l1030:
   553  010A  0189               	clrf	9	;volatile
   554  010B                     l1032:
   555  010B  3003               	movlw	3
   556  010C  1683               	bsf	3,5	;RP0=1, select bank1
   557  010D  1303               	bcf	3,6	;RP1=0, select bank1
   558  010E  0085               	movwf	5	;volatile
   559  010F  0188               	clrf	8	;volatile
   560  0110  0189               	clrf	9	;volatile
   561  0111  0186               	clrf	6	;volatile
   562  0112  1283               	bcf	3,5	;RP0=0, select bank0
   563  0113  1303               	bcf	3,6	;RP1=0, select bank0
   564  0114  0185               	clrf	5	;volatile
   565  0115  0186               	clrf	6	;volatile
   566  0116  0187               	clrf	7	;volatile
   567  0117  0188               	clrf	8	;volatile
   568  0118  0189               	clrf	9	;volatile
   569  0119                     l1034:
   570  0119  1683               	bsf	3,5	;RP0=1, select bank1
   571  011A  1303               	bcf	3,6	;RP1=0, select bank1
   572  011B  170F               	bsf	15,6	;volatile
   573  011C                     l1036:
   574  011C  168F               	bsf	15,5	;volatile
   575  011D                     l1038:
   576  011D  160F               	bsf	15,4	;volatile
   577  011E                     l1040:
   578  011E  140F               	bsf	15,0	;volatile
   579  011F                     l1042:
   580  011F  3000               	movlw	0
   581  0120  1283               	bcf	3,5	;RP0=0, select bank0
   582  0121  1303               	bcf	3,6	;RP1=0, select bank0
   583  0122  00A0               	movwf	ADC_INIT@canal
   584  0123  00A1               	movwf	ADC_INIT@canal+1
   585  0124  120A  118A  2132  120A  118A  	fcall	_ADC_INIT
   586  0129                     l1044:
   587  0129  178B               	bsf	11,7	;volatile
   588  012A                     l1046:
   589  012A  170B               	bsf	11,6	;volatile
   590  012B                     l1048:
   591  012B  3070               	movlw	112
   592  012C  120A  118A  2155  120A  118A  	fcall	_I2C_Slave_Init
   593  0131                     l158:
   594  0131  0008               	return
   595  0132                     __end_of_setup:
   596                           
   597                           	psect	text2
   598  0155                     __ptext2:	
   599 ;; *************** function _I2C_Slave_Init *****************
   600 ;; Defined at:
   601 ;;		line 94 in file "I2C.c"
   602 ;; Parameters:    Size  Location     Type
   603 ;;  address         1    wreg     unsigned char 
   604 ;; Auto vars:     Size  Location     Type
   605 ;;  address         1    0[BANK0 ] unsigned char 
   606 ;; Return value:  Size  Location     Type
   607 ;;                  1    wreg      void 
   608 ;; Registers used:
   609 ;;		wreg
   610 ;; Tracked objects:
   611 ;;		On entry : 0/0
   612 ;;		On exit  : 0/0
   613 ;;		Unchanged: 0/0
   614 ;; Data sizes:     COMMON   BANK0   BANK1   BANK3   BANK2
   615 ;;      Params:         0       0       0       0       0
   616 ;;      Locals:         0       1       0       0       0
   617 ;;      Temps:          0       0       0       0       0
   618 ;;      Totals:         0       1       0       0       0
   619 ;;Total ram usage:        1 bytes
   620 ;; Hardware stack levels used:    1
   621 ;; Hardware stack levels required when called:    2
   622 ;; This function calls:
   623 ;;		Nothing
   624 ;; This function is called by:
   625 ;;		_setup
   626 ;; This function uses a non-reentrant model
   627 ;;
   628                           
   629                           
   630                           ;psect for function _I2C_Slave_Init
   631  0155                     _I2C_Slave_Init:
   632                           
   633                           ;incstack = 0
   634                           ; Regs used in _I2C_Slave_Init: [wreg]
   635                           ;I2C_Slave_Init@address stored from wreg
   636  0155  1283               	bcf	3,5	;RP0=0, select bank0
   637  0156  1303               	bcf	3,6	;RP1=0, select bank0
   638  0157  00A0               	movwf	I2C_Slave_Init@address
   639  0158                     l966:
   640                           
   641                           ;I2C.c: 94: void I2C_Slave_Init(uint8_t address);I2C.c: 95: {;I2C.c: 96:     SSPADD = ad
      +                          dress;
   642  0158  0820               	movf	I2C_Slave_Init@address,w
   643  0159  1683               	bsf	3,5	;RP0=1, select bank1
   644  015A  1303               	bcf	3,6	;RP1=0, select bank1
   645  015B  0093               	movwf	19	;volatile
   646                           
   647                           ;I2C.c: 97:     SSPCON = 0x36;
   648  015C  3036               	movlw	54
   649  015D  1283               	bcf	3,5	;RP0=0, select bank0
   650  015E  1303               	bcf	3,6	;RP1=0, select bank0
   651  015F  0094               	movwf	20	;volatile
   652                           
   653                           ;I2C.c: 98:     SSPSTAT = 0x80;
   654  0160  3080               	movlw	128
   655  0161  1683               	bsf	3,5	;RP0=1, select bank1
   656  0162  1303               	bcf	3,6	;RP1=0, select bank1
   657  0163  0094               	movwf	20	;volatile
   658                           
   659                           ;I2C.c: 99:     SSPCON2 = 0x01;
   660  0164  3001               	movlw	1
   661  0165  0091               	movwf	17	;volatile
   662  0166                     l968:
   663                           
   664                           ;I2C.c: 100:     TRISC3 = 1;
   665  0166  1587               	bsf	7,3	;volatile
   666  0167                     l970:
   667                           
   668                           ;I2C.c: 101:     TRISC4 = 1;
   669  0167  1607               	bsf	7,4	;volatile
   670  0168                     l972:
   671                           
   672                           ;I2C.c: 102:     GIE = 1;
   673  0168  178B               	bsf	11,7	;volatile
   674  0169                     l974:
   675                           
   676                           ;I2C.c: 103:     PEIE = 1;
   677  0169  170B               	bsf	11,6	;volatile
   678  016A                     l976:
   679                           
   680                           ;I2C.c: 104:     SSPIF = 0;
   681  016A  1283               	bcf	3,5	;RP0=0, select bank0
   682  016B  1303               	bcf	3,6	;RP1=0, select bank0
   683  016C  118C               	bcf	12,3	;volatile
   684  016D                     l978:
   685                           
   686                           ;I2C.c: 105:     SSPIE = 1;
   687  016D  1683               	bsf	3,5	;RP0=1, select bank1
   688  016E  1303               	bcf	3,6	;RP1=0, select bank1
   689  016F  158C               	bsf	12,3	;volatile
   690  0170                     l55:
   691  0170  0008               	return
   692  0171                     __end_of_I2C_Slave_Init:
   693                           
   694                           	psect	text3
   695  0132                     __ptext3:	
   696 ;; *************** function _ADC_INIT *****************
   697 ;; Defined at:
   698 ;;		line 15 in file "./ADC.h"
   699 ;; Parameters:    Size  Location     Type
   700 ;;  canal           2    0[BANK0 ] unsigned int 
   701 ;; Auto vars:     Size  Location     Type
   702 ;;		None
   703 ;; Return value:  Size  Location     Type
   704 ;;                  1    wreg      void 
   705 ;; Registers used:
   706 ;;		wreg, status,2, status,0
   707 ;; Tracked objects:
   708 ;;		On entry : 0/0
   709 ;;		On exit  : 0/0
   710 ;;		Unchanged: 0/0
   711 ;; Data sizes:     COMMON   BANK0   BANK1   BANK3   BANK2
   712 ;;      Params:         0       2       0       0       0
   713 ;;      Locals:         0       0       0       0       0
   714 ;;      Temps:          0       1       0       0       0
   715 ;;      Totals:         0       3       0       0       0
   716 ;;Total ram usage:        3 bytes
   717 ;; Hardware stack levels used:    1
   718 ;; Hardware stack levels required when called:    2
   719 ;; This function calls:
   720 ;;		Nothing
   721 ;; This function is called by:
   722 ;;		_setup
   723 ;; This function uses a non-reentrant model
   724 ;;
   725                           
   726                           
   727                           ;psect for function _ADC_INIT
   728  0132                     _ADC_INIT:
   729  0132                     l980:	
   730                           ;incstack = 0
   731                           ; Regs used in _ADC_INIT: [wreg+status,2+status,0]
   732                           
   733                           
   734                           ;./ADC.h: 17:     ADCON0bits.ADON = 0X01;
   735  0132  1283               	bcf	3,5	;RP0=0, select bank0
   736  0133  1303               	bcf	3,6	;RP1=0, select bank0
   737  0134  141F               	bsf	31,0	;volatile
   738  0135                     l982:
   739                           
   740                           ;./ADC.h: 18:     ADCON0bits.CHS = canal;
   741  0135  0820               	movf	ADC_INIT@canal,w
   742  0136  00A2               	movwf	??_ADC_INIT
   743  0137  0DA2               	rlf	??_ADC_INIT,f
   744  0138  0DA2               	rlf	??_ADC_INIT,f
   745  0139  081F               	movf	31,w	;volatile
   746  013A  0622               	xorwf	??_ADC_INIT,w
   747  013B  39C3               	andlw	-61
   748  013C  0622               	xorwf	??_ADC_INIT,w
   749  013D  009F               	movwf	31	;volatile
   750  013E                     l984:
   751                           
   752                           ;./ADC.h: 19:     _delay((unsigned long)((100)*(4000000/4000000.0)));
   753  013E  3020               	movlw	32
   754  013F  1283               	bcf	3,5	;RP0=0, select bank0
   755  0140  1303               	bcf	3,6	;RP1=0, select bank0
   756  0141  00A2               	movwf	??_ADC_INIT
   757  0142                     u287:
   758  0142  0BA2               	decfsz	??_ADC_INIT,f
   759  0143  2942               	goto	u287
   760  0144  0000               	nop
   761  0145                     l986:
   762                           
   763                           ;./ADC.h: 20:     ADCON0bits.ADCS = 0X01;
   764  0145  1283               	bcf	3,5	;RP0=0, select bank0
   765  0146  1303               	bcf	3,6	;RP1=0, select bank0
   766  0147  081F               	movf	31,w	;volatile
   767  0148  393F               	andlw	-193
   768  0149  3840               	iorlw	64
   769  014A  009F               	movwf	31	;volatile
   770  014B                     l988:
   771                           
   772                           ;./ADC.h: 21:     ADCON1bits.ADFM = 0;
   773  014B  1683               	bsf	3,5	;RP0=1, select bank1
   774  014C  1303               	bcf	3,6	;RP1=0, select bank1
   775  014D  139F               	bcf	31,7	;volatile
   776  014E                     l990:
   777                           
   778                           ;./ADC.h: 22:     ADCON1bits.VCFG0 = 0;
   779  014E  121F               	bcf	31,4	;volatile
   780  014F                     l992:
   781                           
   782                           ;./ADC.h: 23:     ADCON1bits.VCFG1 = 0;
   783  014F  129F               	bcf	31,5	;volatile
   784  0150                     l994:
   785                           
   786                           ;./ADC.h: 24:     PIE1bits.ADIE = 1;
   787  0150  170C               	bsf	12,6	;volatile
   788  0151                     l996:
   789                           
   790                           ;./ADC.h: 25:     PIR1bits.ADIF = 0;
   791  0151  1283               	bcf	3,5	;RP0=0, select bank0
   792  0152  1303               	bcf	3,6	;RP1=0, select bank0
   793  0153  130C               	bcf	12,6	;volatile
   794  0154                     l112:
   795  0154  0008               	return
   796  0155                     __end_of_ADC_INIT:
   797                           
   798                           	psect	text4
   799  008B                     __ptext4:	
   800 ;; *************** function _ADC_CHANNELS *****************
   801 ;; Defined at:
   802 ;;		line 32 in file "./ADC.h"
   803 ;; Parameters:    Size  Location     Type
   804 ;;  CANAL           2    0[BANK0 ] unsigned int 
   805 ;;  VALOR_ADC       2    2[BANK0 ] unsigned int 
   806 ;;  VALORA          1    4[BANK0 ] PTR unsigned int 
   807 ;;		 -> valor_ADC(1), 
   808 ;; Auto vars:     Size  Location     Type
   809 ;;		None
   810 ;; Return value:  Size  Location     Type
   811 ;;                  1    wreg      void 
   812 ;; Registers used:
   813 ;;		wreg, fsr0l, fsr0h, status,2, status,0
   814 ;; Tracked objects:
   815 ;;		On entry : 0/0
   816 ;;		On exit  : 0/0
   817 ;;		Unchanged: 0/0
   818 ;; Data sizes:     COMMON   BANK0   BANK1   BANK3   BANK2
   819 ;;      Params:         0       5       0       0       0
   820 ;;      Locals:         0       0       0       0       0
   821 ;;      Temps:          0       3       0       0       0
   822 ;;      Totals:         0       8       0       0       0
   823 ;;Total ram usage:        8 bytes
   824 ;; Hardware stack levels used:    1
   825 ;; Hardware stack levels required when called:    2
   826 ;; This function calls:
   827 ;;		Nothing
   828 ;; This function is called by:
   829 ;;		_main
   830 ;; This function uses a non-reentrant model
   831 ;;
   832                           
   833                           
   834                           ;psect for function _ADC_CHANNELS
   835  008B                     _ADC_CHANNELS:
   836  008B                     l1002:	
   837                           ;incstack = 0
   838                           ; Regs used in _ADC_CHANNELS: [wreg-fsr0h+status,2+status,0]
   839                           
   840                           
   841                           ;./ADC.h: 34:     switch (ADCON0bits.CHS){
   842  008B  28C2               	goto	l1022
   843  008C                     l1004:
   844                           
   845                           ;./ADC.h: 36:             *VALORA = VALOR_ADC;
   846  008C  0824               	movf	ADC_CHANNELS@VALORA,w
   847  008D  0084               	movwf	4
   848  008E  0822               	movf	ADC_CHANNELS@VALOR_ADC,w
   849  008F  0080               	movwf	0
   850  0090  0A84               	incf	4,f
   851  0091  0823               	movf	ADC_CHANNELS@VALOR_ADC+1,w
   852  0092  0080               	movwf	0
   853  0093                     l1006:
   854                           
   855                           ;./ADC.h: 37:             ADCON0bits.CHS = CANAL;
   856  0093  0820               	movf	ADC_CHANNELS@CANAL,w
   857  0094  00A5               	movwf	??_ADC_CHANNELS
   858  0095  0DA5               	rlf	??_ADC_CHANNELS,f
   859  0096  0DA5               	rlf	??_ADC_CHANNELS,f
   860  0097  081F               	movf	31,w	;volatile
   861  0098  0625               	xorwf	??_ADC_CHANNELS,w
   862  0099  39C3               	andlw	-61
   863  009A  0625               	xorwf	??_ADC_CHANNELS,w
   864  009B  009F               	movwf	31	;volatile
   865  009C                     l1008:
   866                           
   867                           ;./ADC.h: 38:             _delay((unsigned long)((50)*(4000000/4000000.0)));
   868  009C  300F               	movlw	15
   869  009D  1283               	bcf	3,5	;RP0=0, select bank0
   870  009E  1303               	bcf	3,6	;RP1=0, select bank0
   871  009F  00A5               	movwf	??_ADC_CHANNELS
   872  00A0                     u297:
   873  00A0  0BA5               	decfsz	??_ADC_CHANNELS,f
   874  00A1  28A0               	goto	u297
   875  00A2  28A3               	nop2
   876  00A3                     l1010:
   877                           
   878                           ;./ADC.h: 39:             ADCON0bits.GO = 1;
   879  00A3  1283               	bcf	3,5	;RP0=0, select bank0
   880  00A4  1303               	bcf	3,6	;RP1=0, select bank0
   881  00A5  149F               	bsf	31,1	;volatile
   882                           
   883                           ;./ADC.h: 40:             break;
   884  00A6  28D7               	goto	l122
   885  00A7                     l1012:
   886                           
   887                           ;./ADC.h: 42:             *VALORA = VALOR_ADC;
   888  00A7  0824               	movf	ADC_CHANNELS@VALORA,w
   889  00A8  0084               	movwf	4
   890  00A9  0822               	movf	ADC_CHANNELS@VALOR_ADC,w
   891  00AA  0080               	movwf	0
   892  00AB  0A84               	incf	4,f
   893  00AC  0823               	movf	ADC_CHANNELS@VALOR_ADC+1,w
   894  00AD  0080               	movwf	0
   895  00AE                     l1014:
   896                           
   897                           ;./ADC.h: 43:             ADCON0bits.CHS = CANAL;
   898  00AE  0820               	movf	ADC_CHANNELS@CANAL,w
   899  00AF  00A5               	movwf	??_ADC_CHANNELS
   900  00B0  0DA5               	rlf	??_ADC_CHANNELS,f
   901  00B1  0DA5               	rlf	??_ADC_CHANNELS,f
   902  00B2  081F               	movf	31,w	;volatile
   903  00B3  0625               	xorwf	??_ADC_CHANNELS,w
   904  00B4  39C3               	andlw	-61
   905  00B5  0625               	xorwf	??_ADC_CHANNELS,w
   906  00B6  009F               	movwf	31	;volatile
   907  00B7                     l1016:
   908                           
   909                           ;./ADC.h: 44:             _delay((unsigned long)((50)*(4000000/4000000.0)));
   910  00B7  300F               	movlw	15
   911  00B8  1283               	bcf	3,5	;RP0=0, select bank0
   912  00B9  1303               	bcf	3,6	;RP1=0, select bank0
   913  00BA  00A5               	movwf	??_ADC_CHANNELS
   914  00BB                     u307:
   915  00BB  0BA5               	decfsz	??_ADC_CHANNELS,f
   916  00BC  28BB               	goto	u307
   917  00BD  28BE               	nop2
   918  00BE                     l1018:
   919                           
   920                           ;./ADC.h: 45:             ADCON0bits.GO = 1;
   921  00BE  1283               	bcf	3,5	;RP0=0, select bank0
   922  00BF  1303               	bcf	3,6	;RP1=0, select bank0
   923  00C0  149F               	bsf	31,1	;volatile
   924                           
   925                           ;./ADC.h: 46:             break;
   926  00C1  28D7               	goto	l122
   927  00C2                     l1022:
   928  00C2  1283               	bcf	3,5	;RP0=0, select bank0
   929  00C3  1303               	bcf	3,6	;RP1=0, select bank0
   930  00C4  0C1F               	rrf	31,w	;volatile
   931  00C5  00A5               	movwf	??_ADC_CHANNELS
   932  00C6  0C25               	rrf	??_ADC_CHANNELS,w
   933  00C7  390F               	andlw	15
   934  00C8  00A6               	movwf	??_ADC_CHANNELS+1
   935  00C9  01A7               	clrf	??_ADC_CHANNELS+2
   936                           
   937                           ; Switch on 2 bytes has been partitioned into a top level switch of size 1, and 1 sub-sw
      +                          itches
   938                           ; Switch size 1, requested type "simple"
   939                           ; Number of cases is 1, Range of values is 0 to 0
   940                           ; switch strategies available:
   941                           ; Name         Instructions Cycles
   942                           ; simple_byte            4     3 (average)
   943                           ; direct_byte           11     8 (fixed)
   944                           ; jumptable            260     6 (fixed)
   945                           ;	Chosen strategy is simple_byte
   946  00CA  0827               	movf	??_ADC_CHANNELS+2,w
   947  00CB  3A00               	xorlw	0	; case 0
   948  00CC  1903               	skipnz
   949  00CD  28CF               	goto	l1126
   950  00CE  28D7               	goto	l122
   951  00CF                     l1126:
   952                           
   953                           ; Switch size 1, requested type "simple"
   954                           ; Number of cases is 2, Range of values is 0 to 1
   955                           ; switch strategies available:
   956                           ; Name         Instructions Cycles
   957                           ; simple_byte            7     4 (average)
   958                           ; direct_byte           14     8 (fixed)
   959                           ; jumptable            260     6 (fixed)
   960                           ;	Chosen strategy is simple_byte
   961  00CF  0826               	movf	??_ADC_CHANNELS+1,w
   962  00D0  3A00               	xorlw	0	; case 0
   963  00D1  1903               	skipnz
   964  00D2  288C               	goto	l1004
   965  00D3  3A01               	xorlw	1	; case 1
   966  00D4  1903               	skipnz
   967  00D5  28A7               	goto	l1012
   968  00D6  28D7               	goto	l122
   969  00D7                     l122:
   970  00D7  0008               	return
   971  00D8                     __end_of_ADC_CHANNELS:
   972                           
   973                           	psect	text5
   974  0015                     __ptext5:	
   975 ;; *************** function _isr *****************
   976 ;; Defined at:
   977 ;;		line 57 in file "slave1_main.c"
   978 ;; Parameters:    Size  Location     Type
   979 ;;		None
   980 ;; Auto vars:     Size  Location     Type
   981 ;;		None
   982 ;; Return value:  Size  Location     Type
   983 ;;                  1    wreg      void 
   984 ;; Registers used:
   985 ;;		wreg, pclath, cstack
   986 ;; Tracked objects:
   987 ;;		On entry : 0/0
   988 ;;		On exit  : 0/0
   989 ;;		Unchanged: 0/0
   990 ;; Data sizes:     COMMON   BANK0   BANK1   BANK3   BANK2
   991 ;;      Params:         0       0       0       0       0
   992 ;;      Locals:         0       0       0       0       0
   993 ;;      Temps:          3       0       0       0       0
   994 ;;      Totals:         3       0       0       0       0
   995 ;;Total ram usage:        3 bytes
   996 ;; Hardware stack levels used:    1
   997 ;; Hardware stack levels required when called:    1
   998 ;; This function calls:
   999 ;;		_ADC_READ
  1000 ;; This function is called by:
  1001 ;;		Interrupt level 1
  1002 ;; This function uses a non-reentrant model
  1003 ;;
  1004                           
  1005                           
  1006                           ;psect for function _isr
  1007  0015                     _isr:
  1008  0015                     i1l1050:
  1009                           
  1010                           ;slave1_main.c: 59: 
  1011  0015  1283               	bcf	3,5	;RP0=0, select bank0
  1012  0016  1303               	bcf	3,6	;RP1=0, select bank0
  1013  0017  1F0C               	btfss	12,6	;volatile
  1014  0018  281A               	goto	u16_21
  1015  0019  281B               	goto	u16_20
  1016  001A                     u16_21:
  1017  001A  2827               	goto	i1l1056
  1018  001B                     u16_20:
  1019  001B                     i1l1052:
  1020                           
  1021                           ;slave1_main.c: 61: 
  1022  001B  120A  118A  2171  120A  118A  	fcall	_ADC_READ
  1023  0020  0870               	movf	?_ADC_READ,w
  1024  0021  00F6               	movwf	??_isr
  1025  0022  0876               	movf	??_isr,w
  1026  0023  00FA               	movwf	_valor_ADC
  1027  0024                     i1l1054:
  1028                           
  1029                           ;slave1_main.c: 63:     setup();
  1030  0024  1283               	bcf	3,5	;RP0=0, select bank0
  1031  0025  1303               	bcf	3,6	;RP1=0, select bank0
  1032  0026  130C               	bcf	12,6	;volatile
  1033  0027                     i1l1056:
  1034                           
  1035                           ;slave1_main.c: 65:     while(1){
  1036  0027  1D8C               	btfss	12,3	;volatile
  1037  0028  282A               	goto	u17_21
  1038  0029  282B               	goto	u17_20
  1039  002A                     u17_21:
  1040  002A  2884               	goto	i1l147
  1041  002B                     u17_20:
  1042  002B                     i1l1058:
  1043                           
  1044                           ;slave1_main.c: 67:         ADC_CHANNELS(0,valor_ADC,&valor_ADC);
  1045  002B  1214               	bcf	20,4	;volatile
  1046                           
  1047                           ;slave1_main.c: 69:     }
  1048  002C  1B14               	btfsc	20,6	;volatile
  1049  002D  282F               	goto	u18_21
  1050  002E  2830               	goto	u18_20
  1051  002F                     u18_21:
  1052  002F  2834               	goto	i1l1062
  1053  0030                     u18_20:
  1054  0030                     i1l1060:
  1055  0030  1F94               	btfss	20,7	;volatile
  1056  0031  2833               	goto	u19_21
  1057  0032  2834               	goto	u19_20
  1058  0033                     u19_21:
  1059  0033  283B               	goto	i1l1070
  1060  0034                     u19_20:
  1061  0034                     i1l1062:
  1062                           
  1063                           ;slave1_main.c: 70: }
  1064  0034  0813               	movf	19,w	;volatile
  1065  0035  00F6               	movwf	??_isr
  1066  0036  0876               	movf	??_isr,w
  1067  0037  00F9               	movwf	_var
  1068  0038                     i1l1064:
  1069                           
  1070                           ;slave1_main.c: 71: 
  1071  0038  1314               	bcf	20,6	;volatile
  1072  0039                     i1l1066:
  1073                           
  1074                           ;slave1_main.c: 72: 
  1075  0039  1394               	bcf	20,7	;volatile
  1076  003A                     i1l1068:
  1077                           
  1078                           ;slave1_main.c: 73: void setup(void){
  1079  003A  1614               	bsf	20,4	;volatile
  1080  003B                     i1l1070:
  1081                           
  1082                           ;slave1_main.c: 76:     ANSELH = 0X00;
  1083  003B  1683               	bsf	3,5	;RP0=1, select bank1
  1084  003C  1303               	bcf	3,6	;RP1=0, select bank1
  1085  003D  1A94               	btfsc	20,5	;volatile
  1086  003E  2840               	goto	u20_21
  1087  003F  2841               	goto	u20_20
  1088  0040                     u20_21:
  1089  0040  2859               	goto	i1l136
  1090  0041                     u20_20:
  1091  0041                     i1l1072:
  1092  0041  1914               	btfsc	20,2	;volatile
  1093  0042  2844               	goto	u21_21
  1094  0043  2845               	goto	u21_20
  1095  0044                     u21_21:
  1096  0044  2859               	goto	i1l136
  1097  0045                     u21_20:
  1098  0045                     i1l1074:
  1099                           
  1100                           ;slave1_main.c: 78:     TRISA = 0B0000011;
  1101  0045  1283               	bcf	3,5	;RP0=0, select bank0
  1102  0046  1303               	bcf	3,6	;RP1=0, select bank0
  1103  0047  0813               	movf	19,w	;volatile
  1104  0048  00F6               	movwf	??_isr
  1105  0049  0876               	movf	??_isr,w
  1106  004A  00F9               	movwf	_var
  1107  004B                     i1l1076:
  1108                           
  1109                           ;slave1_main.c: 80:     TRISE = 0X00;
  1110  004B  118C               	bcf	12,3	;volatile
  1111  004C                     i1l1078:
  1112                           
  1113                           ;slave1_main.c: 81:     TRISB = 0X00;
  1114  004C  1614               	bsf	20,4	;volatile
  1115  004D                     i1l137:	
  1116                           ;slave1_main.c: 82: 
  1117                           
  1118  004D  1683               	bsf	3,5	;RP0=1, select bank1
  1119  004E  1303               	bcf	3,6	;RP1=0, select bank1
  1120  004F  1C14               	btfss	20,0	;volatile
  1121  0050  2852               	goto	u22_21
  1122  0051  2853               	goto	u22_20
  1123  0052                     u22_21:
  1124  0052  284D               	goto	i1l137
  1125  0053                     u22_20:
  1126  0053                     i1l1080:
  1127                           
  1128                           ;slave1_main.c: 84:     PORTB = 0X00;
  1129  0053  30A6               	movlw	166
  1130  0054  00F6               	movwf	??_isr
  1131  0055                     u31_27:
  1132  0055  0BF6               	decfsz	??_isr,f
  1133  0056  2855               	goto	u31_27
  1134  0057  0000               	nop
  1135                           
  1136                           ;slave1_main.c: 86:     PORTD = 0X00;
  1137  0058  2881               	goto	i1l140
  1138  0059                     i1l136:
  1139  0059  1A94               	btfsc	20,5	;volatile
  1140  005A  285C               	goto	u23_21
  1141  005B  285D               	goto	u23_20
  1142  005C                     u23_21:
  1143  005C  2881               	goto	i1l140
  1144  005D                     u23_20:
  1145  005D                     i1l1082:
  1146  005D  1D14               	btfss	20,2	;volatile
  1147  005E  2860               	goto	u24_21
  1148  005F  2861               	goto	u24_20
  1149  0060                     u24_21:
  1150  0060  2881               	goto	i1l140
  1151  0061                     u24_20:
  1152  0061                     i1l1084:
  1153                           
  1154                           ;slave1_main.c: 87:     PORTE = 0X00;
  1155  0061  1283               	bcf	3,5	;RP0=0, select bank0
  1156  0062  1303               	bcf	3,6	;RP1=0, select bank0
  1157  0063  0813               	movf	19,w	;volatile
  1158  0064  00F6               	movwf	??_isr
  1159  0065  0876               	movf	??_isr,w
  1160  0066  00F9               	movwf	_var
  1161  0067                     i1l1086:
  1162                           
  1163                           ;slave1_main.c: 88: 
  1164  0067  1683               	bsf	3,5	;RP0=1, select bank1
  1165  0068  1303               	bcf	3,6	;RP1=0, select bank1
  1166  0069  1014               	bcf	20,0	;volatile
  1167  006A                     i1l1088:
  1168                           
  1169                           ;slave1_main.c: 91:     OSCCONbits.IRCF1 = 1;
  1170  006A  1283               	bcf	3,5	;RP0=0, select bank0
  1171  006B  1303               	bcf	3,6	;RP1=0, select bank0
  1172  006C  1C85               	btfss	5,1	;volatile
  1173  006D  286F               	goto	u25_21
  1174  006E  2870               	goto	u25_20
  1175  006F                     u25_21:
  1176  006F  2873               	goto	i1l1092
  1177  0070                     u25_20:
  1178  0070                     i1l1090:
  1179                           
  1180                           ;slave1_main.c: 92:     OSCCONbits.IRCF0 = 1;
  1181  0070  30FF               	movlw	255
  1182  0071  0093               	movwf	19	;volatile
  1183                           
  1184                           ;slave1_main.c: 93:     OSCCONbits.SCS = 1;
  1185  0072  2875               	goto	i1l1094
  1186  0073                     i1l1092:
  1187                           
  1188                           ;slave1_main.c: 94: 
  1189  0073  087A               	movf	_valor_ADC,w
  1190  0074  0093               	movwf	19	;volatile
  1191  0075                     i1l1094:
  1192                           
  1193                           ;slave1_main.c: 97:     INTCONbits.PEIE = 1;
  1194  0075  1614               	bsf	20,4	;volatile
  1195                           
  1196                           ;slave1_main.c: 98:     I2C_Slave_Init(0x70);
  1197  0076  30A6               	movlw	166
  1198  0077  00F6               	movwf	??_isr
  1199  0078                     u32_27:
  1200  0078  0BF6               	decfsz	??_isr,f
  1201  0079  2878               	goto	u32_27
  1202  007A  0000               	nop
  1203  007B                     i1l144:	
  1204                           ;slave1_main.c: 99: }
  1205                           
  1206  007B  1683               	bsf	3,5	;RP0=1, select bank1
  1207  007C  1303               	bcf	3,6	;RP1=0, select bank1
  1208  007D  1814               	btfsc	20,0	;volatile
  1209  007E  2880               	goto	u26_21
  1210  007F  2881               	goto	u26_20
  1211  0080                     u26_21:
  1212  0080  287B               	goto	i1l144
  1213  0081                     u26_20:
  1214  0081                     i1l140:
  1215  0081  1283               	bcf	3,5	;RP0=0, select bank0
  1216  0082  1303               	bcf	3,6	;RP1=0, select bank0
  1217  0083  118C               	bcf	12,3	;volatile
  1218  0084                     i1l147:
  1219  0084  0878               	movf	??_isr+2,w
  1220  0085  008A               	movwf	10
  1221  0086  0E77               	swapf	??_isr+1,w
  1222  0087  0083               	movwf	3
  1223  0088  0EFE               	swapf	btemp,f
  1224  0089  0E7E               	swapf	btemp,w
  1225  008A  0009               	retfie
  1226  008B                     __end_of_isr:
  1227                           
  1228                           	psect	intentry
  1229  0004                     __pintentry:	
  1230                           ;incstack = 0
  1231                           ; Regs used in _isr: [wreg+pclath+cstack]
  1232                           
  1233  0004                     interrupt_function:
  1234  007E                     saved_w	set	btemp
  1235  0004  00FE               	movwf	btemp
  1236  0005  0E03               	swapf	3,w
  1237  0006  00F7               	movwf	??_isr+1
  1238  0007  080A               	movf	10,w
  1239  0008  00F8               	movwf	??_isr+2
  1240  0009  120A  118A  2815   	ljmp	_isr
  1241                           
  1242                           	psect	text6
  1243  0171                     __ptext6:	
  1244 ;; *************** function _ADC_READ *****************
  1245 ;; Defined at:
  1246 ;;		line 27 in file "./ADC.h"
  1247 ;; Parameters:    Size  Location     Type
  1248 ;;		None
  1249 ;; Auto vars:     Size  Location     Type
  1250 ;;  LECT            2    4[COMMON] unsigned int 
  1251 ;; Return value:  Size  Location     Type
  1252 ;;                  2    0[COMMON] unsigned int 
  1253 ;; Registers used:
  1254 ;;		wreg
  1255 ;; Tracked objects:
  1256 ;;		On entry : 0/0
  1257 ;;		On exit  : 0/0
  1258 ;;		Unchanged: 0/0
  1259 ;; Data sizes:     COMMON   BANK0   BANK1   BANK3   BANK2
  1260 ;;      Params:         2       0       0       0       0
  1261 ;;      Locals:         2       0       0       0       0
  1262 ;;      Temps:          2       0       0       0       0
  1263 ;;      Totals:         6       0       0       0       0
  1264 ;;Total ram usage:        6 bytes
  1265 ;; Hardware stack levels used:    1
  1266 ;; This function calls:
  1267 ;;		Nothing
  1268 ;; This function is called by:
  1269 ;;		_isr
  1270 ;; This function uses a non-reentrant model
  1271 ;;
  1272                           
  1273                           
  1274                           ;psect for function _ADC_READ
  1275  0171                     _ADC_READ:
  1276  0171                     i1l998:	
  1277                           ;incstack = 0
  1278                           ; Regs used in _ADC_READ: [wreg]
  1279                           
  1280                           
  1281                           ;./ADC.h: 28:     unsigned int LECT;;./ADC.h: 29:     LECT = ADRESH;
  1282  0171  1283               	bcf	3,5	;RP0=0, select bank0
  1283  0172  1303               	bcf	3,6	;RP1=0, select bank0
  1284  0173  081E               	movf	30,w	;volatile
  1285  0174  00F2               	movwf	??_ADC_READ
  1286  0175  01F3               	clrf	??_ADC_READ+1
  1287  0176  0872               	movf	??_ADC_READ,w
  1288  0177  00F4               	movwf	ADC_READ@LECT
  1289  0178  0873               	movf	??_ADC_READ+1,w
  1290  0179  00F5               	movwf	ADC_READ@LECT+1
  1291                           
  1292                           ;./ADC.h: 30:     return LECT;
  1293  017A  0875               	movf	ADC_READ@LECT+1,w
  1294  017B  00F1               	movwf	?_ADC_READ+1
  1295  017C  0874               	movf	ADC_READ@LECT,w
  1296  017D  00F0               	movwf	?_ADC_READ
  1297  017E                     i1l115:
  1298  017E  0008               	return
  1299  017F                     __end_of_ADC_READ:
  1300  007E                     btemp	set	126	;btemp
  1301  007E                     wtemp0	set	126
  1302                           
  1303                           	psect	config
  1304                           
  1305                           ;Config register CONFIG1 @ 0x2007
  1306                           ;	Oscillator Selection bits
  1307                           ;	FOSC = INTRC_NOCLKOUT, INTOSCIO oscillator: I/O function on RA6/OSC2/CLKOUT pin, I/O f
      +                          unction on RA7/OSC1/CLKIN
  1308                           ;	Watchdog Timer Enable bit
  1309                           ;	WDTE = OFF, WDT disabled and can be enabled by SWDTEN bit of the WDTCON register
  1310                           ;	Power-up Timer Enable bit
  1311                           ;	PWRTE = ON, PWRT enabled
  1312                           ;	RE3/MCLR pin function select bit
  1313                           ;	MCLRE = OFF, RE3/MCLR pin function is digital input, MCLR internally tied to VDD
  1314                           ;	Code Protection bit
  1315                           ;	CP = OFF, Program memory code protection is disabled
  1316                           ;	Data Code Protection bit
  1317                           ;	CPD = OFF, Data memory code protection is disabled
  1318                           ;	Brown Out Reset Selection bits
  1319                           ;	BOREN = OFF, BOR disabled
  1320                           ;	Internal External Switchover bit
  1321                           ;	IESO = OFF, Internal/External Switchover mode is disabled
  1322                           ;	Fail-Safe Clock Monitor Enabled bit
  1323                           ;	FCMEN = OFF, Fail-Safe Clock Monitor is disabled
  1324                           ;	Low Voltage Programming Enable bit
  1325                           ;	LVP = OFF, RB3 pin has digital I/O, HV on MCLR must be used for programming
  1326                           ;	In-Circuit Debugger Mode bit
  1327                           ;	DEBUG = 0x1, unprogrammed default
  1328  2007                     	org	8199
  1329  2007  20C4               	dw	8388
  1330                           
  1331                           ;Config register CONFIG2 @ 0x2008
  1332                           ;	Brown-out Reset Selection bit
  1333                           ;	BOR4V = BOR40V, Brown-out Reset set to 4.0V
  1334                           ;	Flash Program Memory Self Write Enable bits
  1335                           ;	WRT = OFF, Write protection off
  1336  2008                     	org	8200
  1337  2008  3FFF               	dw	16383

Data Sizes:
    Strings     0
    Constant    0
    Data        0
    BSS         2
    Persistent  0
    Stack       0

Auto Spaces:
    Space          Size  Autos    Used
    COMMON           14      9      11
    BANK0            80     11      11
    BANK1            80      0       0
    BANK3            96      0       0
    BANK2            96      0       0

Pointer List with Targets:

    ADC_CHANNELS@VALORA	PTR unsigned int  size(1) Largest target is 1
		 -> valor_ADC(COMMON[1]), 


Critical Paths under _main in COMMON

    None.

Critical Paths under _isr in COMMON

    _isr->_ADC_READ

Critical Paths under _main in BANK0

    _main->_ADC_CHANNELS
    _setup->_ADC_INIT

Critical Paths under _isr in BANK0

    None.

Critical Paths under _main in BANK1

    None.

Critical Paths under _isr in BANK1

    None.

Critical Paths under _main in BANK3

    None.

Critical Paths under _isr in BANK3

    None.

Critical Paths under _main in BANK2

    None.

Critical Paths under _isr in BANK2

    None.

Call Graph Tables:

 ---------------------------------------------------------------------------------
 (Depth) Function   	        Calls       Base Space   Used Autos Params    Refs
 ---------------------------------------------------------------------------------
 (0) _main                                                 3     3      0     480
                                              8 BANK0      3     3      0
                       _ADC_CHANNELS
                              _setup
 ---------------------------------------------------------------------------------
 (1) _setup                                                0     0      0     120
                           _ADC_INIT
                     _I2C_Slave_Init
 ---------------------------------------------------------------------------------
 (2) _I2C_Slave_Init                                       1     1      0      22
                                              0 BANK0      1     1      0
 ---------------------------------------------------------------------------------
 (2) _ADC_INIT                                             3     1      2      98
                                              0 BANK0      3     1      2
 ---------------------------------------------------------------------------------
 (1) _ADC_CHANNELS                                         8     3      5     360
                                              0 BANK0      8     3      5
 ---------------------------------------------------------------------------------
 Estimated maximum stack depth 2
 ---------------------------------------------------------------------------------
 (Depth) Function   	        Calls       Base Space   Used Autos Params    Refs
 ---------------------------------------------------------------------------------
 (3) _isr                                                  3     3      0      23
                                              6 COMMON     3     3      0
                           _ADC_READ
 ---------------------------------------------------------------------------------
 (4) _ADC_READ                                             6     4      2      23
                                              0 COMMON     6     4      2
 ---------------------------------------------------------------------------------
 Estimated maximum stack depth 4
 ---------------------------------------------------------------------------------

 Call Graph Graphs:

 _main (ROOT)
   _ADC_CHANNELS
   _setup
     _ADC_INIT
     _I2C_Slave_Init

 _isr (ROOT)
   _ADC_READ

 Address spaces:
Name               Size   Autos  Total    Cost      Usage
BITCOMMON            E      0       0       0        0.0%
EEDATA             100      0       0       0        0.0%
NULL                 0      0       0       0        0.0%
CODE                 0      0       0       0        0.0%
COMMON               E      9       B       1       78.6%
BITSFR0              0      0       0       1        0.0%
SFR0                 0      0       0       1        0.0%
BITSFR1              0      0       0       2        0.0%
SFR1                 0      0       0       2        0.0%
STACK                0      0       0       2        0.0%
ABS                  0      0      16       3        0.0%
BITBANK0            50      0       0       4        0.0%
BITSFR3              0      0       0       4        0.0%
SFR3                 0      0       0       4        0.0%
BANK0               50      B       B       5       13.8%
BITSFR2              0      0       0       5        0.0%
SFR2                 0      0       0       5        0.0%
BITBANK1            50      0       0       6        0.0%
BANK1               50      0       0       7        0.0%
BITBANK3            60      0       0       8        0.0%
BANK3               60      0       0       9        0.0%
BITBANK2            60      0       0      10        0.0%
BANK2               60      0       0      11        0.0%
DATA                 0      0      16      12        0.0%


Microchip Technology PIC Macro Assembler V2.31 build 20201012212115 
Symbol Table                                                                                   Wed Aug 25 00:01:59 2021

            _SSPSTATbits 0094                       _BF 04A0                       l55 0170  
                    l112 0154                      l122 00D7                      l158 0131  
                    l970 0167                      l980 0132                      l972 0168  
                    l990 014E                      l982 0135                      l974 0169  
                    l966 0158                      l992 014F                      l984 013E  
                    l976 016A                      l968 0166                      l994 0150  
                    l986 0145                      l978 016D                      _GIE 005F  
                    l996 0151                      l988 014B                      u307 00BB  
                    u277 00FD                      u287 0142                      u297 00A0  
                    _isr 0015                      _var 0079                      fsr0 0004  
                    indf 0000                     l1010 00A3                     l1002 008B  
                   l1012 00A7                     l1004 008C                     l1100 00E0  
                   l1014 00AE                     l1006 0093                     l1022 00C2  
                   l1030 010A                     l1102 00E4                     l1016 00B7  
                   l1008 009C                     l1040 011E                     l1032 010B  
                   l1104 00F7                     l1018 00BE                     l1042 011F  
                   l1034 0119                     l1044 0129                     l1036 011C  
                   l1028 0106                     l1126 00CF                     l1046 012A  
                   l1038 011D                     l1048 012B                     l1096 00D8  
                   l1098 00DD                     _ADIF 0066                     ?_isr 0070  
                   _PEIE 005E             _ADC_CHANNELS 008B         __end_of_ADC_INIT 0155  
       __end_of_ADC_READ 017F                     _main 00D8                     btemp 007E  
                   start 000C                    ??_isr 0076                    ?_main 0070  
                  _ANSEL 0188                    i1l115 017E                    i1l140 0081  
                  i1l144 007B                    i1l136 0059                    i1l137 004D  
                  i1l147 0084                    i1l998 0171                    u20_20 0041  
                  u20_21 0040                    u21_20 0045                    u21_21 0044  
                  u22_20 0053                    u22_21 0052                    u23_20 005D  
                  u23_21 005C                    u31_27 0055                    u24_20 0061  
                  u16_20 001B                    u24_21 0060                    u16_21 001A  
                  u32_27 0078                    u25_20 0070                    u17_20 002B  
                  u25_21 006F                    u17_21 002A                    u26_20 0081  
                  u18_20 0030                    u26_21 0080                    u18_21 002F  
                  u19_20 0034                    u19_21 0033                    _PORTA 0005  
                  _PORTB 0006                    _PORTC 0007                    _PORTD 0008  
                  _PORTE 0009                    _TRISA 0085                    _TRISB 0086  
                  _TRISD 0088                    _SSPIE 0463                    _TRISE 0089  
                  _SSPIF 0063                    _setup 0106                    pclath 000A  
                  status 0003                    wtemp0 007E          __initialization 000F  
           __end_of_main 0106                   ??_main 0028                   _ADRESH 001E  
                 ?_setup 0070                   _ANSELH 0189                   i1l1050 0015  
                 i1l1060 0030                   i1l1052 001B                   i1l1070 003B  
                 i1l1062 0034                   i1l1054 0024                   i1l1080 0053  
                 i1l1072 0041                   i1l1064 0038                   i1l1056 0027  
                 i1l1090 0070                   i1l1082 005D                   i1l1074 0045  
                 i1l1066 0039                   i1l1058 002B                   i1l1092 0073  
                 i1l1084 0061                   i1l1076 004B                   i1l1068 003A  
                 i1l1094 0075                   i1l1086 0067                   i1l1078 004C  
                 i1l1088 006A                   _SSPADD 0093                   _TRISC3 043B  
                 _TRISC4 043C                   _SSPCON 0014                   _SSPBUF 0013  
              ?_ADC_INIT 0020                ?_ADC_READ 0070                   saved_w 007E  
__end_of__initialization 0011           __pcstackCOMMON 0070        ADC_CHANNELS@CANAL 0020  
__size_of_I2C_Slave_Init 001C             ADC_READ@LECT 0074            __end_of_setup 0132  
             ??_ADC_INIT 0022               ??_ADC_READ 0072                  ??_setup 0023  
  I2C_Slave_Init@address 0020               __pmaintext 00D8               __pintentry 0004  
                _SSPCON2 0091                  _SSPSTAT 0094    ADC_CHANNELS@VALOR_ADC 0022  
                __ptext1 0106                  __ptext2 0155                  __ptext3 0132  
                __ptext4 008B                  __ptext5 0015                  __ptext6 0171  
           __size_of_isr 0076     end_of_initialization 0011           _I2C_Slave_Init 0155  
              _PORTAbits 0005                _TRISCbits 0087        __size_of_ADC_INIT 0023  
      __size_of_ADC_READ 000E   __end_of_I2C_Slave_Init 0171       ADC_CHANNELS@VALORA 0024  
          ADC_INIT@canal 0020      start_initialization 000F              __end_of_isr 008B  
          ?_ADC_CHANNELS 0020          ?_I2C_Slave_Init 0070              __pbssCOMMON 0079  
              ___latbits 0002            __pcstackBANK0 0020           ??_ADC_CHANNELS 0025  
               _ADC_INIT 0132                 _ADC_READ 0171           __size_of_setup 002C  
      interrupt_function 0004                 _PIE1bits 008C                 _PIR1bits 000C  
              _valor_ADC 007A               _ADCON0bits 001F               _ADCON1bits 009F  
   __end_of_ADC_CHANNELS 00D8         ??_I2C_Slave_Init 0020            __size_of_main 002E  
             _INTCONbits 000B                 intlevel1 0000               _OSCCONbits 008F  
            _SSPCON2bits 0091               _SSPCONbits 0014    __size_of_ADC_CHANNELS 004D  
